Build started 10/13/2015 1:45:36 PM.
     1>Project "C:\Users\Reza\Documents\GitHub\speech_agent\speech\speakrate\speakrate.vcxproj" on node 4 (Build target(s)).
     1>ClCompile:
         C:\Program Files (x86)\Microsoft Visual Studio 11.0\VC\bin\CL.exe /c /I"C:\Users\Reza\Documents\sphinxbase-5prealpha-win32\include" /I"C:\Users\Reza\Documents\sphinxbase-5prealpha-win32\include\win32" /I"C:\Users\Reza\Documents\pocketsphinx-5prealpha-win32\pocketsphinx-5prealpha-win32\include" /ZI /nologo /W3 /WX- /Od /Oy- /D WIN32 /D _DEBUG /D _CONSOLE /D _UNICODE /D UNICODE /Gm /EHsc /RTC1 /MDd /GS /fp:precise /Zc:wchar_t /Zc:forScope /Fo"Debug\\" /Fd"Debug\vc110.pdb" /Gd /TP /analyze- /errorReport:prompt speakrate.cpp
         speakrate.cpp
     1>c:\users\reza\documents\github\speech_agent\speech\speakrate\speakrate.cpp(11): fatal error C1083: Cannot open include file: 'pocketsphinx.h': No such file or directory
     1>Done Building Project "C:\Users\Reza\Documents\GitHub\speech_agent\speech\speakrate\speakrate.vcxproj" (Build target(s)) -- FAILED.

Build FAILED.

Time Elapsed 00:00:01.44
