Build started 10/13/2015 1:54:37 PM.
     1>Project "C:\Users\Reza\Documents\GitHub\speech_agent\speech\speakrate\speakrate.vcxproj" on node 3 (Build target(s)).
     1>ClCompile:
         C:\Program Files (x86)\Microsoft Visual Studio 11.0\VC\bin\CL.exe /c /I"C:\Users\Reza\Documents\sphinxbase-5prealpha-win32\include\win32" /I"C:\Users\Reza\Documents\pocketsphinx-5prealpha-win32\pocketsphinx-5prealpha-win32\include" /I"C:\Users\Reza\Documents\sphinxbase-5prealpha-win32\include" /Zi /nologo /W3 /WX- /O2 /Oi /Oy- /GL /D WIN32 /D NDEBUG /D _CONSOLE /D _UNICODE /D UNICODE /Gm- /EHsc /MD /GS /Gy /fp:precise /Zc:wchar_t /Zc:forScope /Fo"Release\\" /Fd"Release\vc110.pdb" /Gd /TP /analyze- /errorReport:prompt speakrate.cpp stdafx.cpp
         speakrate.cpp
     1>speakrate.cpp(11): fatal error C1083: Cannot open include file: 'pocketsphinx.h': No such file or directory
         stdafx.cpp
     1>Done Building Project "C:\Users\Reza\Documents\GitHub\speech_agent\speech\speakrate\speakrate.vcxproj" (Build target(s)) -- FAILED.

Build FAILED.

Time Elapsed 00:00:00.92
